1675377981734	geckodriver	INFO	Listening on 127.0.0.1:33225
1675377981879	mozrunner::runner	INFO	Running command: "/snap/bin/firefox" "--marionette" "--remote-debugging-port" "43551" "--remote-allow-hosts" "localhost" "-no-remote" "-profile" "/tmp/rust_mozprofiled2gRv1"
Gtk-Message: 23:46:22.091: Failed to load module "colorreload-gtk-module"
Gtk-Message: 23:46:22.091: Failed to load module "window-decorations-gtk-module"
ATTENTION: default value of option mesa_glthread overridden by environment.
ATTENTION: default value of option mesa_glthread overridden by environment.
ATTENTION: default value of option mesa_glthread overridden by environment.
ATTENTION: default value of option mesa_glthread overridden by environment.

(firefox:4849): Gtk-WARNING **: 23:46:22.617: Error loading theme icon 'dialog-warning' for stock: Icon 'dialog-warning' not present in theme breeze-dark
1675378435564	geckodriver	INFO	Listening on 127.0.0.1:42079
1675378435725	mozrunner::runner	INFO	Running command: "/snap/bin/firefox" "--marionette" "--remote-debugging-port" "59677" "--remote-allow-hosts" "localhost" "-no-remote" "-profile" "/tmp/rust_mozprofileIgPATC"
Gtk-Message: 23:53:55.965: Failed to load module "colorreload-gtk-module"
Gtk-Message: 23:53:55.966: Failed to load module "window-decorations-gtk-module"
ATTENTION: default value of option mesa_glthread overridden by environment.
ATTENTION: default value of option mesa_glthread overridden by environment.
ATTENTION: default value of option mesa_glthread overridden by environment.
ATTENTION: default value of option mesa_glthread overridden by environment.

(firefox:6677): Gtk-WARNING **: 23:53:56.551: Error loading theme icon 'dialog-warning' for stock: Icon 'dialog-warning' not present in theme breeze-dark

###!!! [Parent][PImageBridgeParent] Error: RunMessage(msgname=PImageBridge::Msg_WillClose) Channel closing: too late to send/recv, messages will be lost

1675379005879	geckodriver	INFO	Listening on 127.0.0.1:45685
1675379006034	mozrunner::runner	INFO	Running command: "/snap/bin/firefox" "--marionette" "--remote-debugging-port" "58699" "--remote-allow-hosts" "localhost" "-no-remote" "-profile" "/tmp/rust_mozprofilefmp1ua"
Gtk-Message: 00:03:26.248: Failed to load module "colorreload-gtk-module"
Gtk-Message: 00:03:26.249: Failed to load module "window-decorations-gtk-module"
ATTENTION: default value of option mesa_glthread overridden by environment.
ATTENTION: default value of option mesa_glthread overridden by environment.
ATTENTION: default value of option mesa_glthread overridden by environment.
ATTENTION: default value of option mesa_glthread overridden by environment.

(firefox:7657): Gtk-WARNING **: 00:03:26.777: Error loading theme icon 'dialog-warning' for stock: Icon 'dialog-warning' not present in theme breeze-dark
1675379706129	geckodriver	INFO	Listening on 127.0.0.1:47911
1675379706278	mozrunner::runner	INFO	Running command: "/snap/bin/firefox" "--marionette" "--remote-debugging-port" "38693" "--remote-allow-hosts" "localhost" "-no-remote" "-profile" "/tmp/rust_mozprofile1IIDQs"
Gtk-Message: 00:15:06.491: Failed to load module "colorreload-gtk-module"
Gtk-Message: 00:15:06.492: Failed to load module "window-decorations-gtk-module"
ATTENTION: default value of option mesa_glthread overridden by environment.
ATTENTION: default value of option mesa_glthread overridden by environment.
ATTENTION: default value of option mesa_glthread overridden by environment.
ATTENTION: default value of option mesa_glthread overridden by environment.

(firefox:8421): Gtk-WARNING **: 00:15:07.017: Error loading theme icon 'dialog-warning' for stock: Icon 'dialog-warning' not present in theme breeze-dark
1675441716883	geckodriver	INFO	Listening on 127.0.0.1:43603
1675441717530	mozrunner::runner	INFO	Running command: "/snap/bin/firefox" "--marionette" "--remote-debugging-port" "37761" "--remote-allow-hosts" "localhost" "-no-remote" "-profile" "/tmp/rust_mozprofile6bhuvP"
Gtk-Message: 11:28:37.794: Failed to load module "colorreload-gtk-module"
Gtk-Message: 11:28:37.794: Failed to load module "window-decorations-gtk-module"
ATTENTION: default value of option mesa_glthread overridden by environment.
ATTENTION: default value of option mesa_glthread overridden by environment.
ATTENTION: default value of option mesa_glthread overridden by environment.
ATTENTION: default value of option mesa_glthread overridden by environment.
1675441741844	geckodriver	INFO	Listening on 127.0.0.1:38471
1675441742027	mozrunner::runner	INFO	Running command: "/snap/bin/firefox" "--marionette" "--remote-debugging-port" "34731" "--remote-allow-hosts" "localhost" "-no-remote" "-profile" "/tmp/rust_mozprofile9XBoN3"
Gtk-Message: 11:29:02.258: Failed to load module "colorreload-gtk-module"
Gtk-Message: 11:29:02.258: Failed to load module "window-decorations-gtk-module"
ATTENTION: default value of option mesa_glthread overridden by environment.
ATTENTION: default value of option mesa_glthread overridden by environment.
ATTENTION: default value of option mesa_glthread overridden by environment.
ATTENTION: default value of option mesa_glthread overridden by environment.
